Copyright 1986-2022 Xilinx, Inc. All Rights Reserved.
----------------------------------------------------------------------------------------------------------------------------------------------------------------------
| Tool Version     : Vivado v.2022.2 (win64) Build 3671981 Fri Oct 14 05:00:03 MDT 2022
| Date             : Sun Jun 28 12:53:31 2026
| Host             : Steve_Desk running 64-bit major release  (build 9200)
| Command          : report_power -file avse_sys_wrapper_power_routed.rpt -pb avse_sys_wrapper_power_summary_routed.pb -rpx avse_sys_wrapper_power_routed.rpx
| Design           : avse_sys_wrapper
| Device           : xczu48dr-ffvg1517-2-e
| Design State     : routed
| Grade            : extended
| Process          : typical
| Characterization : Production
----------------------------------------------------------------------------------------------------------------------------------------------------------------------

Power Report

Table of Contents
-----------------
1. Summary
1.1 On-Chip Components
1.2 Power Supply Summary
1.3 Confidence Level
2. Settings
2.1 Environment
2.2 Clock Constraints
3. Detailed Reports
3.1 By Hierarchy

1. Summary
----------

+--------------------------+--------------+
| Total On-Chip Power (W)  | 11.600       |
| Design Power Budget (W)  | Unspecified* |
| Power Budget Margin (W)  | NA           |
| Dynamic (W)              | 10.227       |
| Device Static (W)        | 1.374        |
| Effective TJA (C/W)      | 0.8          |
| Max Ambient (C)          | 90.2         |
| Junction Temperature (C) | 34.8         |
| Confidence Level         | Medium       |
| Setting File             | ---          |
| Simulation Activity File | ---          |
| Design Nets Matched      | NA           |
+--------------------------+--------------+
* Specify Design Power Budget using, set_operating_conditions -design_power_budget <value in Watts>


1.1 On-Chip Components
----------------------

+--------------------------+-----------+----------+-----------+-----------------+
| On-Chip                  | Power (W) | Used     | Available | Utilization (%) |
+--------------------------+-----------+----------+-----------+-----------------+
| Clocks                   |     0.475 |        3 |       --- |             --- |
| CLB Logic                |     2.898 |   282690 |       --- |             --- |
|   LUT as Logic           |     2.281 |   128681 |    425280 |           30.26 |
|   LUT as Shift Register  |     0.210 |     4409 |    213600 |            2.06 |
|   CARRY8                 |     0.164 |    13069 |     53160 |           24.58 |
|   LUT as Distributed RAM |     0.126 |     3585 |    213600 |            1.68 |
|   Register               |     0.116 |    88734 |    850560 |           10.43 |
|   Others                 |     0.000 |     4663 |       --- |             --- |
|   F7/F8 Muxes            |     0.000 |     2568 |    425280 |            0.60 |
|   BUFG                   |     0.000 |        1 |        64 |            1.56 |
| Signals                  |     2.751 |   223745 |       --- |             --- |
| Block RAM                |     0.892 |      829 |      1080 |           76.76 |
| DSPs                     |     0.827 |     1563 |      4272 |           36.59 |
| PS8                      |     2.384 |        1 |       --- |             --- |
| Static Power             |     1.374 |          |           |                 |
|   PS Static              |     0.105 |          |           |                 |
|   PL Static              |     1.269 |          |           |                 |
| Total                    |    11.600 |          |           |                 |
+--------------------------+-----------+----------+-----------+-----------------+


1.2 Power Supply Summary
------------------------

+-----------------+-------------+-----------+-------------+------------+-------------+-------------+------------+
| Source          | Voltage (V) | Total (A) | Dynamic (A) | Static (A) | Powerup (A) | Budget (A)  | Margin (A) |
+-----------------+-------------+-----------+-------------+------------+-------------+-------------+------------+
| Vccint          |       0.850 |     9.591 |       9.189 |      0.402 |       NA    | Unspecified | NA         |
| Vccint_io       |       0.850 |     0.073 |       0.000 |      0.073 |       NA    | Unspecified | NA         |
| Vccbram         |       0.850 |     0.044 |       0.038 |      0.006 |       NA    | Unspecified | NA         |
| Vccaux          |       1.800 |     0.275 |       0.000 |      0.275 |       NA    | Unspecified | NA         |
| Vccaux_io       |       1.800 |     0.058 |       0.000 |      0.058 |       NA    | Unspecified | NA         |
| Vcco33          |       3.300 |     0.000 |       0.000 |      0.000 |       NA    | Unspecified | NA         |
| Vcco25          |       2.500 |     0.000 |       0.000 |      0.000 |       NA    | Unspecified | NA         |
| Vcco18          |       1.800 |     0.000 |       0.000 |      0.000 |       NA    | Unspecified | NA         |
| Vcco15          |       1.500 |     0.000 |       0.000 |      0.000 |       NA    | Unspecified | NA         |
| Vcco135         |       1.350 |     0.000 |       0.000 |      0.000 |       NA    | Unspecified | NA         |
| Vcco12          |       1.200 |     0.000 |       0.000 |      0.000 |       NA    | Unspecified | NA         |
| Vcco10          |       1.000 |     0.000 |       0.000 |      0.000 |       NA    | Unspecified | NA         |
| Vccadc          |       1.800 |     0.008 |       0.000 |      0.008 |       NA    | Unspecified | NA         |
| VCC_PSINTFP     |       0.850 |     0.522 |       0.482 |      0.040 |       NA    | Unspecified | NA         |
| VCC_PSINTLP     |       0.850 |     0.272 |       0.264 |      0.008 |       NA    | Unspecified | NA         |
| VPS_MGTRAVCC    |       0.850 |     0.135 |       0.134 |      0.001 |       NA    | Unspecified | NA         |
| VCC_PSINTFP_DDR |       0.850 |     0.821 |       0.816 |      0.005 |       NA    | Unspecified | NA         |
| VCC_PSPLL       |       1.200 |     0.073 |       0.071 |      0.002 |       NA    | Unspecified | NA         |
| VPS_MGTRAVTT    |       1.800 |     0.034 |       0.033 |      0.001 |       NA    | Unspecified | NA         |
| VCCO_PSDDR_504  |       1.200 |     0.677 |       0.643 |      0.034 |       NA    | Unspecified | NA         |
| VCC_PSAUX       |       1.800 |     0.002 |       0.000 |      0.002 |       NA    | Unspecified | NA         |
| VCC_PSBATT      |       1.200 |     0.000 |       0.000 |      0.000 |       NA    | Unspecified | NA         |
| VCC_PSDDR_PLL   |       1.800 |     0.001 |       0.000 |      0.001 |       NA    | Unspecified | NA         |
| VCCO_PSIO0_500  |       3.300 |     0.008 |       0.007 |      0.001 |       NA    | Unspecified | NA         |
| VCCO_PSIO1_501  |       1.800 |     0.001 |       0.000 |      0.001 |       NA    | Unspecified | NA         |
| VCCO_PSIO2_502  |       1.800 |     0.001 |       0.000 |      0.001 |       NA    | Unspecified | NA         |
| VCCO_PSIO3_503  |       1.800 |     0.001 |       0.000 |      0.001 |       NA    | Unspecified | NA         |
| VCC_PSADC       |       1.800 |     0.002 |       0.000 |      0.002 |       NA    | Unspecified | NA         |
| VCCINT_AMS      |       0.850 |     0.027 |       0.000 |      0.027 |       NA    | Unspecified | NA         |
| DACAVCC         |       0.925 |     0.014 |       0.000 |      0.014 |       NA    | Unspecified | NA         |
| DACAVCCAUX      |       1.800 |     0.001 |       0.000 |      0.001 |       NA    | Unspecified | NA         |
| DACAVTT         |       2.500 |     0.010 |       0.000 |      0.010 |       NA    | Unspecified | NA         |
| ADCAVCC         |       0.925 |     0.113 |       0.000 |      0.113 |       NA    | Unspecified | NA         |
| ADCAVCCAUX      |       1.800 |     0.027 |       0.000 |      0.027 |       NA    | Unspecified | NA         |
| VCCSDFEC        |       0.850 |     0.038 |       0.000 |      0.038 |       NA    | Unspecified | NA         |
| MGTYAVcc        |       0.900 |     0.000 |       0.000 |      0.000 |       NA    | Unspecified | NA         |
| MGTYAVtt        |       1.200 |     0.000 |       0.000 |      0.000 |       NA    | Unspecified | NA         |
| MGTYVccaux      |       1.800 |     0.000 |       0.000 |      0.000 |       NA    | Unspecified | NA         |
+-----------------+-------------+-----------+-------------+------------+-------------+-------------+------------+


1.3 Confidence Level
--------------------

+-----------------------------+------------+------------------------------------------------+------------------------------------------------------------------------------------------------------------+
| User Input Data             | Confidence | Details                                        | Action                                                                                                     |
+-----------------------------+------------+------------------------------------------------+------------------------------------------------------------------------------------------------------------+
| Design implementation state | High       | Design is routed                               |                                                                                                            |
| Clock nodes activity        | High       | User specified more than 95% of clocks         |                                                                                                            |
| I/O nodes activity          | High       | User specified more than 95% of inputs         |                                                                                                            |
| Internal nodes activity     | Medium     | User specified less than 25% of internal nodes | Provide missing internal nodes activity with simulation results or by editing the "By Resource Type" views |
| Device models               | High       | Device models are Production                   |                                                                                                            |
|                             |            |                                                |                                                                                                            |
| Overall confidence level    | Medium     |                                                |                                                                                                            |
+-----------------------------+------------+------------------------------------------------+------------------------------------------------------------------------------------------------------------+


2. Settings
-----------

2.1 Environment
---------------

+-----------------------+--------------------------+
| Ambient Temp (C)      | 25.0                     |
| ThetaJA (C/W)         | 0.8                      |
| Airflow (LFM)         | 250                      |
| Heat Sink             | medium (Medium Profile)  |
| ThetaSA (C/W)         | 1.2                      |
| Board Selection       | medium (10"x10")         |
| # of Board Layers     | 12to15 (12 to 15 Layers) |
| Board Temperature (C) | 25.0                     |
+-----------------------+--------------------------+


2.2 Clock Constraints
---------------------

+----------+----------------------------------------------+-----------------+
| Clock    | Domain                                       | Constraint (ns) |
+----------+----------------------------------------------+-----------------+
| clk_pl_0 | avse_sys_i/zynq_ps/inst/pl_clk_unbuffered[0] |             5.3 |
+----------+----------------------------------------------+-----------------+


3. Detailed Reports
-------------------

3.1 By Hierarchy
----------------

+------------------+-----------+
| Name             | Power (W) |
+------------------+-----------+
| avse_sys_wrapper |    10.227 |
|   avse_sys_i     |    10.227 |
|     avse_0       |     7.716 |
|       inst       |     7.716 |
|     axi_smc_ctrl |     0.007 |
|       inst       |     0.007 |
|     axi_smc_data |     0.118 |
|       inst       |     0.118 |
|     zynq_ps      |     2.385 |
|       inst       |     2.385 |
+------------------+-----------+


