Copyright 1986-2022 Xilinx, Inc. All Rights Reserved.
-----------------------------------------------------------------------------------------------------------------------------
| Tool Version : Vivado v.2022.2 (win64) Build 3671981 Fri Oct 14 05:00:03 MDT 2022
| Date         : Sun Jun 28 12:38:39 2026
| Host         : Steve_Desk running 64-bit major release  (build 9200)
| Command      : report_utilization -file avse_sys_wrapper_utilization_placed.rpt -pb avse_sys_wrapper_utilization_placed.pb
| Design       : avse_sys_wrapper
| Device       : xczu48dr-ffvg1517-2-e
| Speed File   : -2
| Design State : Fully Placed
-----------------------------------------------------------------------------------------------------------------------------

Utilization Design Information

Table of Contents
-----------------
1. CLB Logic
1.1 Summary of Registers by Type
2. CLB Logic Distribution
3. BLOCKRAM
4. ARITHMETIC
5. I/O
6. CLOCK
7. ADVANCED
8. CONFIGURATION
9. Primitives
10. Black Boxes
11. Instantiated Netlists

1. CLB Logic
------------

+----------------------------+--------+-------+------------+-----------+-------+
|          Site Type         |  Used  | Fixed | Prohibited | Available | Util% |
+----------------------------+--------+-------+------------+-----------+-------+
| CLB LUTs                   | 136675 |     0 |          0 |    425280 | 32.14 |
|   LUT as Logic             | 128681 |     0 |          0 |    425280 | 30.26 |
|   LUT as Memory            |   7994 |     0 |          0 |    213600 |  3.74 |
|     LUT as Distributed RAM |   3585 |     0 |            |           |       |
|     LUT as Shift Register  |   4409 |     0 |            |           |       |
| CLB Registers              |  88734 |     0 |          0 |    850560 | 10.43 |
|   Register as Flip Flop    |  88734 |     0 |          0 |    850560 | 10.43 |
|   Register as Latch        |      0 |     0 |          0 |    850560 |  0.00 |
| CARRY8                     |  13069 |     0 |          0 |     53160 | 24.58 |
| F7 Muxes                   |   2448 |     0 |          0 |    212640 |  1.15 |
| F8 Muxes                   |    120 |     0 |          0 |    106320 |  0.11 |
| F9 Muxes                   |      0 |     0 |          0 |     53160 |  0.00 |
+----------------------------+--------+-------+------------+-----------+-------+
* Warning! LUT value is adjusted to account for LUT combining.


1.1 Summary of Registers by Type
--------------------------------

+-------+--------------+-------------+--------------+
| Total | Clock Enable | Synchronous | Asynchronous |
+-------+--------------+-------------+--------------+
| 0     |            _ |           - |            - |
| 0     |            _ |           - |          Set |
| 0     |            _ |           - |        Reset |
| 0     |            _ |         Set |            - |
| 0     |            _ |       Reset |            - |
| 0     |          Yes |           - |            - |
| 0     |          Yes |           - |          Set |
| 93    |          Yes |           - |        Reset |
| 5690  |          Yes |         Set |            - |
| 82951 |          Yes |       Reset |            - |
+-------+--------------+-------------+--------------+


2. CLB Logic Distribution
-------------------------

+--------------------------------------------+--------+-------+------------+-----------+-------+
|                  Site Type                 |  Used  | Fixed | Prohibited | Available | Util% |
+--------------------------------------------+--------+-------+------------+-----------+-------+
| CLB                                        |  25274 |     0 |          0 |     53160 | 47.54 |
|   CLBL                                     |  11853 |     0 |            |           |       |
|   CLBM                                     |  13421 |     0 |            |           |       |
| LUT as Logic                               | 128681 |     0 |          0 |    425280 | 30.26 |
|   using O5 output only                     |    428 |       |            |           |       |
|   using O6 output only                     |  96071 |       |            |           |       |
|   using O5 and O6                          |  32182 |       |            |           |       |
| LUT as Memory                              |   7994 |     0 |          0 |    213600 |  3.74 |
|   LUT as Distributed RAM                   |   3585 |     0 |            |           |       |
|     using O5 output only                   |      0 |       |            |           |       |
|     using O6 output only                   |   2370 |       |            |           |       |
|     using O5 and O6                        |   1215 |       |            |           |       |
|   LUT as Shift Register                    |   4409 |     0 |            |           |       |
|     using O5 output only                   |      6 |       |            |           |       |
|     using O6 output only                   |    820 |       |            |           |       |
|     using O5 and O6                        |   3583 |       |            |           |       |
| CLB Registers                              |  88734 |     0 |          0 |    850560 | 10.43 |
|   Register driven from within the CLB      |  43450 |       |            |           |       |
|   Register driven from outside the CLB     |  45284 |       |            |           |       |
|     LUT in front of the register is unused |  37847 |       |            |           |       |
|     LUT in front of the register is used   |   7437 |       |            |           |       |
| Unique Control Sets                        |   2195 |       |          0 |    106320 |  2.06 |
+--------------------------------------------+--------+-------+------------+-----------+-------+
* * Note: Available Control Sets calculated as Slices * 2, Review the Control Sets Report for more information regarding control sets.


3. BLOCKRAM
-----------

+-------------------+------+-------+------------+-----------+-------+
|     Site Type     | Used | Fixed | Prohibited | Available | Util% |
+-------------------+------+-------+------------+-----------+-------+
| Block RAM Tile    |  829 |     0 |          0 |      1080 | 76.76 |
|   RAMB36/FIFO*    |  745 |     0 |          0 |      1080 | 68.98 |
|     RAMB36E2 only |  745 |       |            |           |       |
|   RAMB18          |  168 |     0 |          0 |      2160 |  7.78 |
|     RAMB18E2 only |  168 |       |            |           |       |
| URAM              |    0 |     0 |          0 |        80 |  0.00 |
+-------------------+------+-------+------------+-----------+-------+
* Note: Each Block RAM Tile only has one FIFO logic available and therefore can accommodate only one FIFO36E2 or one FIFO18E2. However, if a FIFO18E2 occupies a Block RAM Tile, that tile can still accommodate a RAMB18E2


4. ARITHMETIC
-------------

+----------------+------+-------+------------+-----------+-------+
|    Site Type   | Used | Fixed | Prohibited | Available | Util% |
+----------------+------+-------+------------+-----------+-------+
| DSPs           | 1563 |     0 |          0 |      4272 | 36.59 |
|   DSP48E2 only | 1563 |       |            |           |       |
+----------------+------+-------+------------+-----------+-------+


5. I/O
------

+------------------+------+-------+------------+-----------+-------+
|     Site Type    | Used | Fixed | Prohibited | Available | Util% |
+------------------+------+-------+------------+-----------+-------+
| Bonded IOB       |    0 |     0 |          0 |       347 |  0.00 |
| HPIOB_M          |    0 |     0 |          0 |       138 |  0.00 |
| HPIOB_S          |    0 |     0 |          0 |       138 |  0.00 |
| HDIOB_M          |    0 |     0 |          0 |        24 |  0.00 |
| HDIOB_S          |    0 |     0 |          0 |        24 |  0.00 |
| HPIOB_SNGL       |    0 |     0 |          0 |        23 |  0.00 |
| HPIOBDIFFINBUF   |    0 |     0 |          0 |       192 |  0.00 |
| HPIOBDIFFOUTBUF  |    0 |     0 |          0 |       192 |  0.00 |
| HDIOBDIFFINBUF   |    0 |     0 |          0 |        72 |  0.00 |
| BITSLICE_CONTROL |    0 |     0 |          0 |        64 |  0.00 |
| BITSLICE_RX_TX   |    0 |     0 |          0 |      2496 |  0.00 |
| BITSLICE_TX      |    0 |     0 |          0 |        64 |  0.00 |
| RIU_OR           |    0 |     0 |          0 |        32 |  0.00 |
| RF_ADC           |    0 |     0 |          4 |         4 |  0.00 |
| RF_DAC           |    0 |     0 |          4 |         4 |  0.00 |
+------------------+------+-------+------------+-----------+-------+


6. CLOCK
--------

+----------------------+------+-------+------------+-----------+-------+
|       Site Type      | Used | Fixed | Prohibited | Available | Util% |
+----------------------+------+-------+------------+-----------+-------+
| GLOBAL CLOCK BUFFERs |    2 |     0 |          0 |       696 |  0.29 |
|   BUFGCE             |    1 |     0 |          0 |       216 |  0.46 |
|   BUFGCE_DIV         |    0 |     0 |          0 |        32 |  0.00 |
|   BUFG_GT            |    0 |     0 |          0 |       312 |  0.00 |
|   BUFG_PS            |    1 |     0 |          0 |        72 |  1.39 |
|   BUFGCTRL*          |    0 |     0 |          0 |        64 |  0.00 |
| PLL                  |    0 |     0 |          0 |        16 |  0.00 |
| MMCM                 |    0 |     0 |          0 |         8 |  0.00 |
+----------------------+------+-------+------------+-----------+-------+
* Note: Each used BUFGCTRL counts as two GLOBAL CLOCK BUFFERs. This table does not include global clocking resources, only buffer cell usage. See the Clock Utilization Report (report_clock_utilization) for detailed accounting of global clocking resource availability.


7. ADVANCED
-----------

+-----------------+------+-------+------------+-----------+--------+
|    Site Type    | Used | Fixed | Prohibited | Available |  Util% |
+-----------------+------+-------+------------+-----------+--------+
| CMACE4          |    0 |     0 |          0 |         2 |   0.00 |
| FE              |    0 |     0 |          0 |         8 |   0.00 |
| GTYE4_CHANNEL   |    0 |     0 |          0 |        16 |   0.00 |
| GTYE4_COMMON    |    0 |     0 |          0 |         4 |   0.00 |
| ILKNE4          |    0 |     0 |          0 |         1 |   0.00 |
| OBUFDS_GTE4     |    0 |     0 |          0 |         8 |   0.00 |
| OBUFDS_GTE4_ADV |    0 |     0 |          0 |         8 |   0.00 |
| PCIE4CE4        |    0 |     0 |          0 |         2 |   0.00 |
| PS8             |    1 |     0 |          0 |         1 | 100.00 |
| RFADC           |    0 |     0 |          0 |         4 |   0.00 |
| RFDAC           |    0 |     0 |          0 |         4 |   0.00 |
| SYSMONE4        |    0 |     0 |          0 |         1 |   0.00 |
+-----------------+------+-------+------------+-----------+--------+


8. CONFIGURATION
----------------

+-------------+------+-------+------------+-----------+-------+
|  Site Type  | Used | Fixed | Prohibited | Available | Util% |
+-------------+------+-------+------------+-----------+-------+
| BSCANE2     |    0 |     0 |          0 |         4 |  0.00 |
| DNA_PORTE2  |    0 |     0 |          0 |         1 |  0.00 |
| EFUSE_USR   |    0 |     0 |          0 |         1 |  0.00 |
| FRAME_ECCE4 |    0 |     0 |          0 |         1 |  0.00 |
| ICAPE3      |    0 |     0 |          0 |         2 |  0.00 |
| MASTER_JTAG |    0 |     0 |          0 |         1 |  0.00 |
| STARTUPE3   |    0 |     0 |          0 |         1 |  0.00 |
+-------------+------+-------+------------+-----------+-------+


9. Primitives
-------------

+----------+-------+---------------------+
| Ref Name |  Used | Functional Category |
+----------+-------+---------------------+
| FDRE     | 82951 |            Register |
| LUT4     | 77885 |                 CLB |
| LUT3     | 34941 |                 CLB |
| LUT6     | 19116 |                 CLB |
| LUT2     | 15967 |                 CLB |
| CARRY8   | 13069 |                 CLB |
| LUT5     | 10320 |                 CLB |
| SRL16E   |  7828 |                 CLB |
| FDSE     |  5690 |            Register |
| LUT1     |  2634 |                 CLB |
| MUXF7    |  2448 |                 CLB |
| RAMS64E  |  2367 |                 CLB |
| DSP48E2  |  1563 |          Arithmetic |
| RAMD32   |  1426 |                 CLB |
| RAMS32   |  1007 |                 CLB |
| RAMB36E2 |   745 |            BLOCKRAM |
| RAMB18E2 |   168 |            BLOCKRAM |
| SRLC32E  |   164 |                 CLB |
| MUXF8    |   120 |                 CLB |
| FDCE     |    93 |            Register |
| PS8      |     1 |            Advanced |
| BUFG_PS  |     1 |               Clock |
| BUFGCE   |     1 |               Clock |
+----------+-------+---------------------+


10. Black Boxes
---------------

+----------+------+
| Ref Name | Used |
+----------+------+


11. Instantiated Netlists
-------------------------

+-------------------------+------+
|         Ref Name        | Used |
+-------------------------+------+
| avse_sys_zynq_ps_0      |    1 |
| avse_sys_rst_200_0      |    1 |
| avse_sys_axi_smc_data_0 |    1 |
| avse_sys_axi_smc_ctrl_0 |    1 |
| avse_sys_avse_0_0       |    1 |
+-------------------------+------+


